{"numFailedTestSuites":0,"numFailedTests":0,"numPassedTestSuites":5,"numPassedTests":23,"numPendingTestSuites":0,"numPendingTests":0,"numRuntimeErrorTestSuites":0,"numTodoTests":0,"numTotalTestSuites":5,"numTotalTests":23,"openHandles":[],"snapshot":{"added":0,"didUpdate":false,"failure":false,"filesAdded":0,"filesRemoved":0,"filesRemovedList":[],"filesUnmatched":0,"filesUpdated":0,"matched":0,"total":0,"unchecked":0,"uncheckedKeysByFile":[],"unmatched":0,"updated":0},"startTime":1725460255456,"success":true,"testResults":[{"assertionResults":[{"ancestorTitles":["PrismaService"],"duration":7,"failureDetails":[],"failureMessages":[],"fullName":"PrismaService should create a new instance of PrismaService","invocations":1,"location":null,"numPassingAsserts":1,"retryReasons":[],"status":"passed","title":"should create a new instance of PrismaService"},{"ancestorTitles":["PrismaService"],"duration":1,"failureDetails":[],"failureMessages":[],"fullName":"PrismaService should use the provided PrismaClient instance","invocations":1,"location":null,"numPassingAsserts":1,"retryReasons":[],"status":"passed","title":"should use the provided PrismaClient instance"}],"endTime":1725460258405,"message":"","name":"D:\\Development\\fastify_boilerplate\\src\\services\\__tests__\\prisma-service.test.ts","startTime":1725460255852,"status":"passed","summary":""},{"assertionResults":[{"ancestorTitles":["errorHandler"],"duration":10,"failureDetails":[],"failureMessages":[],"fullName":"errorHandler should handle ZodError","invocations":1,"location":null,"numPassingAsserts":2,"retryReasons":[],"status":"passed","title":"should handle ZodError"},{"ancestorTitles":["errorHandler"],"duration":1,"failureDetails":[],"failureMessages":[],"fullName":"errorHandler should handle ApiError","invocations":1,"location":null,"numPassingAsserts":2,"retryReasons":[],"status":"passed","title":"should handle ApiError"},{"ancestorTitles":["errorHandler"],"duration":1,"failureDetails":[],"failureMessages":[],"fullName":"errorHandler handles PrismaClientKnownRequestError with code P2002","invocations":1,"location":null,"numPassingAsserts":2,"retryReasons":[],"status":"passed","title":"handles PrismaClientKnownRequestError with code P2002"},{"ancestorTitles":["errorHandler"],"duration":0,"failureDetails":[],"failureMessages":[],"fullName":"errorHandler handles PrismaClientKnownRequestError with code P2002 and undefined cause","invocations":1,"location":null,"numPassingAsserts":2,"retryReasons":[],"status":"passed","title":"handles PrismaClientKnownRequestError with code P2002 and undefined cause"},{"ancestorTitles":["errorHandler"],"duration":1,"failureDetails":[],"failureMessages":[],"fullName":"errorHandler handles PrismaClientKnownRequestError with code P2025","invocations":1,"location":null,"numPassingAsserts":2,"retryReasons":[],"status":"passed","title":"handles PrismaClientKnownRequestError with code P2025"},{"ancestorTitles":["errorHandler"],"duration":1,"failureDetails":[],"failureMessages":[],"fullName":"errorHandler handles PrismaClientKnownRequestError with unknown code","invocations":1,"location":null,"numPassingAsserts":2,"retryReasons":[],"status":"passed","title":"handles PrismaClientKnownRequestError with unknown code"},{"ancestorTitles":["errorHandler"],"duration":1,"failureDetails":[],"failureMessages":[],"fullName":"errorHandler should handle other errors","invocations":1,"location":null,"numPassingAsserts":2,"retryReasons":[],"status":"passed","title":"should handle other errors"}],"endTime":1725460258427,"message":"","name":"D:\\Development\\fastify_boilerplate\\src\\handlers\\__tests__\\error-handler.test.ts","startTime":1725460255858,"status":"passed","summary":""},{"assertionResults":[{"ancestorTitles":["ApiError"],"duration":12,"failureDetails":[],"failureMessages":[],"fullName":"ApiError should set statusMessage to \"Unauthorized\" for status code 401","invocations":1,"location":null,"numPassingAsserts":1,"retryReasons":[],"status":"passed","title":"should set statusMessage to \"Unauthorized\" for status code 401"},{"ancestorTitles":["ApiError"],"duration":0,"failureDetails":[],"failureMessages":[],"fullName":"ApiError should set statusMessage to \"Forbidden\" for status code 403","invocations":1,"location":null,"numPassingAsserts":1,"retryReasons":[],"status":"passed","title":"should set statusMessage to \"Forbidden\" for status code 403"},{"ancestorTitles":["ApiError"],"duration":0,"failureDetails":[],"failureMessages":[],"fullName":"ApiError should set statusMessage to \"Not Found\" for status code 404","invocations":1,"location":null,"numPassingAsserts":1,"retryReasons":[],"status":"passed","title":"should set statusMessage to \"Not Found\" for status code 404"},{"ancestorTitles":["ApiError"],"duration":0,"failureDetails":[],"failureMessages":[],"fullName":"ApiError should set statusMessage to \"Internal Server Error\" for status code 500","invocations":1,"location":null,"numPassingAsserts":1,"retryReasons":[],"status":"passed","title":"should set statusMessage to \"Internal Server Error\" for status code 500"},{"ancestorTitles":["ApiError"],"duration":1,"failureDetails":[],"failureMessages":[],"fullName":"ApiError should set statusMessage to \"Internal Server Error\" for status code 501","invocations":1,"location":null,"numPassingAsserts":1,"retryReasons":[],"status":"passed","title":"should set statusMessage to \"Internal Server Error\" for status code 501"}],"endTime":1725460258446,"message":"","name":"D:\\Development\\fastify_boilerplate\\src\\errors\\__tests__\\api-error.test.ts","startTime":1725460255858,"status":"passed","summary":""},{"assertionResults":[{"ancestorTitles":["index"],"duration":6,"failureDetails":[],"failureMessages":[],"fullName":"index should listen on the port specified in the environment variable","invocations":1,"location":null,"numPassingAsserts":1,"retryReasons":[],"status":"passed","title":"should listen on the port specified in the environment variable"},{"ancestorTitles":["index"],"duration":0,"failureDetails":[],"failureMessages":[],"fullName":"index should listen on port 5000 if no port is specified in the environment variable","invocations":1,"location":null,"numPassingAsserts":1,"retryReasons":[],"status":"passed","title":"should listen on port 5000 if no port is specified in the environment variable"},{"ancestorTitles":["index"],"duration":0,"failureDetails":[],"failureMessages":[],"fullName":"index should listen on the host specified in the environment variable","invocations":1,"location":null,"numPassingAsserts":1,"retryReasons":[],"status":"passed","title":"should listen on the host specified in the environment variable"},{"ancestorTitles":["index"],"duration":1,"failureDetails":[],"failureMessages":[],"fullName":"index should log the documentation URL","invocations":1,"location":null,"numPassingAsserts":1,"retryReasons":[],"status":"passed","title":"should log the documentation URL"}],"endTime":1725460258710,"message":"","name":"D:\\Development\\fastify_boilerplate\\src\\__tests__\\index.test.ts","startTime":1725460255858,"status":"passed","summary":""},{"assertionResults":[{"ancestorTitles":["Example Router Tests"],"duration":36,"failureDetails":[],"failureMessages":[],"fullName":"Example Router Tests should create a new example with POST /api/example/","invocations":1,"location":null,"numPassingAsserts":2,"retryReasons":[],"status":"passed","title":"should create a new example with POST /api/example/"},{"ancestorTitles":["Example Router Tests"],"duration":5,"failureDetails":[],"failureMessages":[],"fullName":"Example Router Tests should get all examples with GET /api/example/","invocations":1,"location":null,"numPassingAsserts":2,"retryReasons":[],"status":"passed","title":"should get all examples with GET /api/example/"},{"ancestorTitles":["Example Router Tests"],"duration":3,"failureDetails":[],"failureMessages":[],"fullName":"Example Router Tests should get a specific example by id with GET /api/example/:id","invocations":1,"location":null,"numPassingAsserts":2,"retryReasons":[],"status":"passed","title":"should get a specific example by id with GET /api/example/:id"},{"ancestorTitles":["Example Router Tests"],"duration":10,"failureDetails":[],"failureMessages":[],"fullName":"Example Router Tests should update an example with PUT /api/example/:id","invocations":1,"location":null,"numPassingAsserts":2,"retryReasons":[],"status":"passed","title":"should update an example with PUT /api/example/:id"},{"ancestorTitles":["Example Router Tests"],"duration":8,"failureDetails":[],"failureMessages":[],"fullName":"Example Router Tests should delete an example with DELETE /api/example/:id","invocations":1,"location":null,"numPassingAsserts":2,"retryReasons":[],"status":"passed","title":"should delete an example with DELETE /api/example/:id"}],"endTime":1725460259244,"message":"","name":"D:\\Development\\fastify_boilerplate\\src\\routes\\__tests__\\example-router.test.ts","startTime":1725460255856,"status":"passed","summary":""}],"wasInterrupted":false,"coverageMap":{"D:\\Development\\fastify_boilerplate\\src\\services\\prisma-service.ts":{"path":"D:\\Development\\fastify_boilerplate\\src\\services\\prisma-service.ts","statementMap":{"0":{"start":{"line":2,"column":0},"end":{"line":2,"column":50}},"1":{"start":{"line":8,"column":4},"end":{"line":11,"column":5}},"2":{"start":{"line":9,"column":6},"end":{"line":9,"column":null}},"3":{"start":{"line":10,"column":6},"end":{"line":10,"column":12}},"4":{"start":{"line":12,"column":4},"end":{"line":12,"column":null}},"5":{"start":{"line":16,"column":0},"end":{"line":16,"column":null}}},"fnMap":{"0":{"name":"(anonymous_1)","decl":{"start":{"line":7,"column":2},"end":{"line":7,"column":14}},"loc":{"start":{"line":7,"column":35},"end":{"line":13,"column":3}}}},"branchMap":{"0":{"loc":{"start":{"line":8,"column":4},"end":{"line":11,"column":5}},"type":"if","locations":[{"start":{"line":8,"column":4},"end":{"line":11,"column":5}}]}},"s":{"0":2,"1":2,"2":1,"3":1,"4":1,"5":2},"f":{"0":2},"b":{"0":[1]}},"D:\\Development\\fastify_boilerplate\\prisma\\prismaInstance.ts":{"path":"D:\\Development\\fastify_boilerplate\\prisma\\prismaInstance.ts","statementMap":{"0":{"start":{"line":1,"column":0},"end":{"line":1,"column":45}},"1":{"start":{"line":4,"column":23},"end":{"line":4,"column":41}},"2":{"start":{"line":6,"column":0},"end":{"line":6,"column":null}}},"fnMap":{},"branchMap":{},"s":{"0":2,"1":2,"2":2},"f":{},"b":{}},"D:\\Development\\fastify_boilerplate\\src\\errors\\api-error.ts":{"path":"D:\\Development\\fastify_boilerplate\\src\\errors\\api-error.ts","statementMap":{"0":{"start":{"line":6,"column":4},"end":{"line":6,"column":null}},"1":{"start":{"line":7,"column":4},"end":{"line":7,"column":null}},"2":{"start":{"line":9,"column":4},"end":{"line":34,"column":5}},"3":{"start":{"line":11,"column":8},"end":{"line":11,"column":null}},"4":{"start":{"line":12,"column":8},"end":{"line":12,"column":13}},"5":{"start":{"line":15,"column":8},"end":{"line":15,"column":null}},"6":{"start":{"line":16,"column":8},"end":{"line":16,"column":13}},"7":{"start":{"line":19,"column":8},"end":{"line":19,"column":null}},"8":{"start":{"line":20,"column":8},"end":{"line":20,"column":13}},"9":{"start":{"line":23,"column":8},"end":{"line":23,"column":null}},"10":{"start":{"line":24,"column":8},"end":{"line":24,"column":13}},"11":{"start":{"line":27,"column":8},"end":{"line":27,"column":null}},"12":{"start":{"line":28,"column":8},"end":{"line":28,"column":13}},"13":{"start":{"line":31,"column":8},"end":{"line":31,"column":null}},"14":{"start":{"line":32,"column":8},"end":{"line":32,"column":13}},"15":{"start":{"line":38,"column":0},"end":{"line":38,"column":null}}},"fnMap":{"0":{"name":"(anonymous_0)","decl":{"start":{"line":5,"column":2},"end":{"line":5,"column":14}},"loc":{"start":{"line":5,"column":49},"end":{"line":35,"column":3}}}},"branchMap":{"0":{"loc":{"start":{"line":9,"column":4},"end":{"line":34,"column":5}},"type":"switch","locations":[{"start":{"line":10,"column":6},"end":{"line":13,"column":7}},{"start":{"line":14,"column":6},"end":{"line":17,"column":7}},{"start":{"line":18,"column":6},"end":{"line":21,"column":7}},{"start":{"line":22,"column":6},"end":{"line":25,"column":7}},{"start":{"line":26,"column":6},"end":{"line":29,"column":7}},{"start":{"line":30,"column":6},"end":{"line":33,"column":7}}]}},"s":{"0":6,"1":6,"2":6,"3":0,"4":0,"5":1,"6":1,"7":1,"8":1,"9":2,"10":2,"11":1,"12":1,"13":1,"14":1,"15":4},"f":{"0":6},"b":{"0":[0,1,1,2,1,1]}},"D:\\Development\\fastify_boilerplate\\src\\handlers\\error-handler.ts":{"path":"D:\\Development\\fastify_boilerplate\\src\\handlers\\error-handler.ts","statementMap":{"0":{"start":{"line":1,"column":0},"end":{"line":1,"column":41}},"1":{"start":{"line":2,"column":0},"end":{"line":2,"column":78}},"2":{"start":{"line":4,"column":0},"end":{"line":4,"column":30}},"3":{"start":{"line":6,"column":21},"end":{"line":54,"column":1}},"4":{"start":{"line":11,"column":2},"end":{"line":53,"column":3}},"5":{"start":{"line":12,"column":4},"end":{"line":12,"column":null}},"6":{"start":{"line":13,"column":4},"end":{"line":13,"column":null}},"7":{"start":{"line":14,"column":9},"end":{"line":53,"column":3}},"8":{"start":{"line":15,"column":4},"end":{"line":15,"column":null}},"9":{"start":{"line":16,"column":4},"end":{"line":20,"column":null}},"10":{"start":{"line":21,"column":9},"end":{"line":53,"column":3}},"11":{"start":{"line":22,"column":4},"end":{"line":49,"column":5}},"12":{"start":{"line":24,"column":8},"end":{"line":24,"column":null}},"13":{"start":{"line":25,"column":8},"end":{"line":29,"column":null}},"14":{"start":{"line":30,"column":8},"end":{"line":30,"column":13}},"15":{"start":{"line":33,"column":8},"end":{"line":33,"column":null}},"16":{"start":{"line":34,"column":8},"end":{"line":38,"column":null}},"17":{"start":{"line":39,"column":8},"end":{"line":39,"column":13}},"18":{"start":{"line":42,"column":8},"end":{"line":42,"column":null}},"19":{"start":{"line":43,"column":8},"end":{"line":47,"column":null}},"20":{"start":{"line":50,"column":9},"end":{"line":53,"column":3}},"21":{"start":{"line":51,"column":4},"end":{"line":51,"column":null}},"22":{"start":{"line":52,"column":4},"end":{"line":52,"column":null}},"23":{"start":{"line":56,"column":0},"end":{"line":56,"column":null}}},"fnMap":{"0":{"name":"(anonymous_1)","decl":{"start":{"line":6,"column":21},"end":{"line":6,"column":null}},"loc":{"start":{"line":10,"column":4},"end":{"line":54,"column":1}}}},"branchMap":{"0":{"loc":{"start":{"line":11,"column":2},"end":{"line":53,"column":3}},"type":"if","locations":[{"start":{"line":11,"column":2},"end":{"line":53,"column":3}},{"start":{"line":14,"column":9},"end":{"line":53,"column":3}}]},"1":{"loc":{"start":{"line":14,"column":9},"end":{"line":53,"column":3}},"type":"if","locations":[{"start":{"line":14,"column":9},"end":{"line":53,"column":3}},{"start":{"line":21,"column":9},"end":{"line":53,"column":3}}]},"2":{"loc":{"start":{"line":21,"column":9},"end":{"line":53,"column":3}},"type":"if","locations":[{"start":{"line":21,"column":9},"end":{"line":53,"column":3}},{"start":{"line":50,"column":9},"end":{"line":53,"column":3}}]},"3":{"loc":{"start":{"line":22,"column":4},"end":{"line":49,"column":5}},"type":"switch","locations":[{"start":{"line":23,"column":6},"end":{"line":31,"column":7}},{"start":{"line":32,"column":6},"end":{"line":40,"column":7}},{"start":{"line":41,"column":6},"end":{"line":48,"column":7}}]},"4":{"loc":{"start":{"line":50,"column":9},"end":{"line":53,"column":3}},"type":"if","locations":[{"start":{"line":50,"column":9},"end":{"line":53,"column":3}}]}},"s":{"0":3,"1":3,"2":3,"3":3,"4":7,"5":1,"6":1,"7":6,"8":1,"9":1,"10":5,"11":4,"12":2,"13":2,"14":2,"15":1,"16":1,"17":1,"18":1,"19":1,"20":1,"21":1,"22":1,"23":3},"f":{"0":7},"b":{"0":[1,6],"1":[1,5],"2":[4,1],"3":[2,1,1],"4":[1]}},"D:\\Development\\fastify_boilerplate\\src\\index.ts":{"path":"D:\\Development\\fastify_boilerplate\\src\\index.ts","statementMap":{"0":{"start":{"line":1,"column":0},"end":{"line":1,"column":39}},"1":{"start":{"line":2,"column":0},"end":{"line":2,"column":37}},"2":{"start":{"line":3,"column":0},"end":{"line":3,"column":45}},"3":{"start":{"line":4,"column":0},"end":{"line":4,"column":50}},"4":{"start":{"line":5,"column":0},"end":{"line":5,"column":22}},"5":{"start":{"line":6,"column":0},"end":{"line":6,"column":29}},"6":{"start":{"line":7,"column":0},"end":{"line":7,"column":81}},"7":{"start":{"line":9,"column":0},"end":{"line":9,"column":62}},"8":{"start":{"line":10,"column":0},"end":{"line":10,"column":60}},"9":{"start":{"line":11,"column":0},"end":{"line":11,"column":45}},"10":{"start":{"line":12,"column":0},"end":{"line":12,"column":68}},"11":{"start":{"line":13,"column":0},"end":{"line":13,"column":73}},"12":{"start":{"line":14,"column":0},"end":{"line":14,"column":51}},"13":{"start":{"line":15,"column":0},"end":{"line":15,"column":29}},"14":{"start":{"line":19,"column":16},"end":{"line":19,"column":39}},"15":{"start":{"line":20,"column":0},"end":{"line":20,"column":null}},"16":{"start":{"line":21,"column":0},"end":{"line":21,"column":null}},"17":{"start":{"line":22,"column":0},"end":{"line":22,"column":null}},"18":{"start":{"line":24,"column":0},"end":{"line":24,"column":null}},"19":{"start":{"line":25,"column":0},"end":{"line":25,"column":null}},"20":{"start":{"line":29,"column":0},"end":{"line":29,"column":null}},"21":{"start":{"line":30,"column":0},"end":{"line":30,"column":null}},"22":{"start":{"line":32,"column":0},"end":{"line":32,"column":null}},"23":{"start":{"line":35,"column":2},"end":{"line":35,"column":null}},"24":{"start":{"line":36,"column":2},"end":{"line":39,"column":null}},"25":{"start":{"line":40,"column":22},"end":{"line":40,"column":61}},"26":{"start":{"line":42,"column":2},"end":{"line":44,"column":null}},"27":{"start":{"line":46,"column":2},"end":{"line":46,"column":null}},"28":{"start":{"line":56,"column":9},"end":{"line":56,"column":12}},"29":{"start":{"line":50,"column":2},"end":{"line":50,"column":null}},"30":{"start":{"line":51,"column":2},"end":{"line":51,"column":null}},"31":{"start":{"line":56,"column":14},"end":{"line":56,"column":23}},"32":{"start":{"line":54,"column":0},"end":{"line":54,"column":null}}},"fnMap":{"0":{"name":"run","decl":{"start":{"line":34,"column":15},"end":{"line":34,"column":18}},"loc":{"start":{"line":34,"column":18},"end":{"line":47,"column":1}}},"1":{"name":"silentRun","decl":{"start":{"line":49,"column":15},"end":{"line":49,"column":24}},"loc":{"start":{"line":49,"column":24},"end":{"line":52,"column":1}}}},"branchMap":{"0":{"loc":{"start":{"line":37,"column":10},"end":{"line":37,"column":39}},"type":"cond-expr","locations":[{"start":{"line":37,"column":26},"end":{"line":37,"column":30}},{"start":{"line":37,"column":30},"end":{"line":37,"column":39}}]},"1":{"loc":{"start":{"line":37,"column":10},"end":{"line":37,"column":30}},"type":"binary-expr","locations":[{"start":{"line":37,"column":10},"end":{"line":37,"column":30}},{"start":{"line":37,"column":26},"end":{"line":37,"column":30}}]},"2":{"loc":{"start":{"line":38,"column":10},"end":{"line":38,"column":42}},"type":"binary-expr","locations":[{"start":{"line":38,"column":10},"end":{"line":38,"column":34}},{"start":{"line":38,"column":38},"end":{"line":38,"column":42}}]}},"s":{"0":2,"1":2,"2":2,"3":2,"4":2,"5":2,"6":2,"7":2,"8":2,"9":2,"10":2,"11":2,"12":2,"13":2,"14":2,"15":2,"16":2,"17":2,"18":2,"19":2,"20":2,"21":2,"22":2,"23":7,"24":7,"25":7,"26":7,"27":7,"28":2,"29":1,"30":1,"31":2,"32":2},"f":{"0":7,"1":1},"b":{"0":[1,6],"1":[7,7],"2":[7,2]}},"D:\\Development\\fastify_boilerplate\\src\\consts\\fastify-cors-options.ts":{"path":"D:\\Development\\fastify_boilerplate\\src\\consts\\fastify-cors-options.ts","statementMap":{"0":{"start":{"line":6,"column":16},"end":{"line":10,"column":null}},"1":{"start":{"line":12,"column":0},"end":{"line":12,"column":null}}},"fnMap":{},"branchMap":{},"s":{"0":2,"1":2},"f":{},"b":{}},"D:\\Development\\fastify_boilerplate\\src\\consts\\fastify-jwt-options.ts":{"path":"D:\\Development\\fastify_boilerplate\\src\\consts\\fastify-jwt-options.ts","statementMap":{"0":{"start":{"line":4,"column":81},"end":{"line":9,"column":null}},"1":{"start":{"line":11,"column":0},"end":{"line":11,"column":null}}},"fnMap":{},"branchMap":{},"s":{"0":2,"1":2},"f":{},"b":{}},"D:\\Development\\fastify_boilerplate\\src\\consts\\options.ts":{"path":"D:\\Development\\fastify_boilerplate\\src\\consts\\options.ts","statementMap":{"0":{"start":{"line":3,"column":0},"end":{"line":3,"column":44}},"1":{"start":{"line":10,"column":16},"end":{"line":12,"column":null}},"2":{"start":{"line":14,"column":0},"end":{"line":14,"column":null}}},"fnMap":{},"branchMap":{},"s":{"0":2,"1":2,"2":2},"f":{},"b":{}},"D:\\Development\\fastify_boilerplate\\src\\consts\\fastify-logger.ts":{"path":"D:\\Development\\fastify_boilerplate\\src\\consts\\fastify-logger.ts","statementMap":{"0":{"start":{"line":1,"column":0},"end":{"line":1,"column":23}},"1":{"start":{"line":2,"column":0},"end":{"line":2,"column":32}},"2":{"start":{"line":4,"column":15},"end":{"line":6,"column":2}},"3":{"start":{"line":8,"column":22},"end":{"line":8,"column":53}},"4":{"start":{"line":10,"column":0},"end":{"line":10,"column":null}}},"fnMap":{},"branchMap":{},"s":{"0":2,"1":2,"2":2,"3":2,"4":2},"f":{},"b":{}},"D:\\Development\\fastify_boilerplate\\src\\consts\\fastify-swagger-options.ts":{"path":"D:\\Development\\fastify_boilerplate\\src\\consts\\fastify-swagger-options.ts","statementMap":{"0":{"start":{"line":3,"column":0},"end":{"line":3,"column":63}},"1":{"start":{"line":5,"column":82},"end":{"line":31,"column":null}},"2":{"start":{"line":33,"column":0},"end":{"line":33,"column":null}}},"fnMap":{},"branchMap":{},"s":{"0":2,"1":2,"2":2},"f":{},"b":{}},"D:\\Development\\fastify_boilerplate\\src\\consts\\fastify-swagger-ui-options.ts":{"path":"D:\\Development\\fastify_boilerplate\\src\\consts\\fastify-swagger-ui-options.ts","statementMap":{"0":{"start":{"line":6,"column":16},"end":{"line":8,"column":null}},"1":{"start":{"line":10,"column":0},"end":{"line":10,"column":null}}},"fnMap":{},"branchMap":{},"s":{"0":2,"1":2},"f":{},"b":{}},"D:\\Development\\fastify_boilerplate\\src\\routes\\index.ts":{"path":"D:\\Development\\fastify_boilerplate\\src\\routes\\index.ts","statementMap":{"0":{"start":{"line":4,"column":2},"end":{"line":4,"column":null}},"1":{"start":{"line":4,"column":18},"end":{"line":4,"column":47}},"2":{"start":{"line":3,"column":0},"end":{"line":3,"column":15}}},"fnMap":{"0":{"name":"Routes","decl":{"start":{"line":3,"column":30},"end":{"line":3,"column":36}},"loc":{"start":{"line":3,"column":61},"end":{"line":5,"column":1}}},"1":{"name":"(anonymous_7)","decl":{"start":{"line":4,"column":18},"end":{"line":4,"column":26}},"loc":{"start":{"line":4,"column":18},"end":{"line":4,"column":47}}}},"branchMap":{},"s":{"0":1,"1":1,"2":2},"f":{"0":1,"1":1},"b":{}},"D:\\Development\\fastify_boilerplate\\src\\model\\example.ts":{"path":"D:\\Development\\fastify_boilerplate\\src\\model\\example.ts","statementMap":{"0":{"start":{"line":1,"column":0},"end":{"line":1,"column":23}},"1":{"start":{"line":3,"column":13},"end":{"line":8,"column":null}},"2":{"start":{"line":10,"column":13},"end":{"line":19,"column":null}},"3":{"start":{"line":15,"column":8},"end":{"line":15,"column":null}},"4":{"start":{"line":21,"column":13},"end":{"line":25,"column":null}}},"fnMap":{"0":{"name":"(anonymous_0)","decl":{"start":{"line":14,"column":14},"end":{"line":14,"column":15}},"loc":{"start":{"line":14,"column":20},"end":{"line":16,"column":7}}}},"branchMap":{},"s":{"0":1,"1":1,"2":1,"3":3,"4":1},"f":{"0":3},"b":{}},"D:\\Development\\fastify_boilerplate\\src\\routes\\example-router.ts":{"path":"D:\\Development\\fastify_boilerplate\\src\\routes\\example-router.ts","statementMap":{"0":{"start":{"line":1,"column":0},"end":{"line":1,"column":null}},"1":{"start":{"line":6,"column":0},"end":{"line":6,"column":55}},"2":{"start":{"line":11,"column":33},"end":{"line":11,"column":53}},"3":{"start":{"line":13,"column":2},"end":{"line":29,"column":null}},"4":{"start":{"line":27,"column":6},"end":{"line":27,"column":null}},"5":{"start":{"line":31,"column":2},"end":{"line":46,"column":null}},"6":{"start":{"line":44,"column":6},"end":{"line":44,"column":null}},"7":{"start":{"line":48,"column":2},"end":{"line":63,"column":null}},"8":{"start":{"line":59,"column":6},"end":{"line":61,"column":null}},"9":{"start":{"line":65,"column":2},"end":{"line":81,"column":null}},"10":{"start":{"line":77,"column":6},"end":{"line":79,"column":null}},"11":{"start":{"line":83,"column":2},"end":{"line":98,"column":null}},"12":{"start":{"line":94,"column":6},"end":{"line":96,"column":null}},"13":{"start":{"line":10,"column":0},"end":{"line":10,"column":15}}},"fnMap":{"0":{"name":"ExampleRouter","decl":{"start":{"line":10,"column":30},"end":{"line":10,"column":43}},"loc":{"start":{"line":10,"column":68},"end":{"line":99,"column":1}}},"1":{"name":"(anonymous_2)","decl":{"start":{"line":26,"column":4},"end":{"line":26,"column":9}},"loc":{"start":{"line":26,"column":22},"end":{"line":28,"column":5}}},"2":{"name":"(anonymous_3)","decl":{"start":{"line":43,"column":4},"end":{"line":43,"column":9}},"loc":{"start":{"line":43,"column":15},"end":{"line":45,"column":5}}},"3":{"name":"(anonymous_4)","decl":{"start":{"line":58,"column":4},"end":{"line":58,"column":9}},"loc":{"start":{"line":58,"column":22},"end":{"line":62,"column":5}}},"4":{"name":"(anonymous_5)","decl":{"start":{"line":76,"column":4},"end":{"line":76,"column":9}},"loc":{"start":{"line":76,"column":22},"end":{"line":80,"column":5}}},"5":{"name":"(anonymous_6)","decl":{"start":{"line":93,"column":4},"end":{"line":93,"column":9}},"loc":{"start":{"line":93,"column":22},"end":{"line":97,"column":5}}}},"branchMap":{},"s":{"0":1,"1":1,"2":1,"3":1,"4":1,"5":1,"6":1,"7":1,"8":1,"9":1,"10":1,"11":1,"12":1,"13":1},"f":{"0":1,"1":1,"2":1,"3":1,"4":1,"5":1},"b":{}},"D:\\Development\\fastify_boilerplate\\src\\services\\example-service.ts":{"path":"D:\\Development\\fastify_boilerplate\\src\\services\\example-service.ts","statementMap":{"0":{"start":{"line":2,"column":0},"end":{"line":2,"column":44}},"1":{"start":{"line":6,"column":4},"end":{"line":6,"column":null}},"2":{"start":{"line":10,"column":4},"end":{"line":10,"column":null}},"3":{"start":{"line":14,"column":4},"end":{"line":14,"column":null}},"4":{"start":{"line":21,"column":4},"end":{"line":21,"column":null}},"5":{"start":{"line":25,"column":4},"end":{"line":25,"column":null}},"6":{"start":{"line":4,"column":0},"end":{"line":4,"column":21}}},"fnMap":{"0":{"name":"(anonymous_1)","decl":{"start":{"line":5,"column":9},"end":{"line":5,"column":14}},"loc":{"start":{"line":5,"column":53},"end":{"line":7,"column":3}}},"1":{"name":"(anonymous_2)","decl":{"start":{"line":9,"column":9},"end":{"line":9,"column":14}},"loc":{"start":{"line":9,"column":56},"end":{"line":11,"column":3}}},"2":{"name":"(anonymous_3)","decl":{"start":{"line":13,"column":9},"end":{"line":13,"column":14}},"loc":{"start":{"line":13,"column":63},"end":{"line":15,"column":3}}},"3":{"name":"(anonymous_4)","decl":{"start":{"line":17,"column":9},"end":{"line":17,"column":14}},"loc":{"start":{"line":19,"column":41},"end":{"line":22,"column":3}}},"4":{"name":"(anonymous_5)","decl":{"start":{"line":24,"column":9},"end":{"line":24,"column":14}},"loc":{"start":{"line":24,"column":59},"end":{"line":26,"column":3}}}},"branchMap":{},"s":{"0":1,"1":1,"2":1,"3":1,"4":1,"5":1,"6":1},"f":{"0":1,"1":1,"2":1,"3":1,"4":1},"b":{}}}}
